<?xml version="1.0" encoding="UTF-8"?>
<testsuite name="com.example.java_14.Java14ApplicationTests" tests="1" skipped="0" failures="0" errors="0" timestamp="2023-05-26T10:05:21" hostname="MW-PC" time="1.079">
  <properties/>
  <testcase name="contextLoads()" classname="com.example.java_14.Java14ApplicationTests" time="1.079"/>
  <system-out><![CDATA[13:05:19.401 [Test worker] INFO org.springframework.test.context.support.AnnotationConfigContextLoaderUtils -- Could not detect default configuration classes for test class [com.example.java_14.Java14ApplicationTests]: Java14ApplicationTests does not declare any static, non-private, non-final, nested classes annotated with @Configuration.
13:05:19.543 [Test worker] INFO org.springframework.boot.test.context.SpringBootTestContextBootstrapper -- Found @SpringBootConfiguration com.example.java_14.Java14Application for test class com.example.java_14.Java14ApplicationTests

  .   ____          _            __ _ _
 /\\ / ___'_ __ _ _(_)_ __  __ _ \ \ \ \
( ( )\___ | '_ | '_| | '_ \/ _` | \ \ \ \
 \\/  ___)| |_)| | | | | || (_| |  ) ) ) )
  '  |____| .__|_| |_|_| |_\__, | / / / /
 =========|_|==============|___/=/_/_/_/
 :: Spring Boot ::                (v3.1.0)

2023-05-26T13:05:20.118+03:00  INFO 1792 --- [    Test worker] c.e.java_14.Java14ApplicationTests       : Starting Java14ApplicationTests using Java 19.0.2 with PID 1792 (started by gemmi in C:\Users\gemmi\IdeaProjects\Java_14)
2023-05-26T13:05:20.121+03:00  INFO 1792 --- [    Test worker] c.e.java_14.Java14ApplicationTests       : No active profile set, falling back to 1 default profile: "default"
2023-05-26T13:05:21.741+03:00  INFO 1792 --- [    Test worker] c.e.java_14.Java14ApplicationTests       : Started Java14ApplicationTests in 1.957 seconds (process running for 3.695)
]]></system-out>
  <system-err><![CDATA[]]></system-err>
</testsuite>
